Process ID         Proc.Name Wrkng.Set PagedPool  NonPgdPl  Pagefile    Commit   Handles   Threads      User       Gdi
!LogType=memsnap
!ComputerName=HOLYSPIRIT
!buildnumber=3790
!buildtype=retail
!SystemTime=06\10\2004 22:08:06.0550 (GMT)
!TickCount=3554170
00000000              (null)     16384         0         0         0         0         0         1         0         0
00000004              System     94208         0         0         0     94208      2390        66         0         0
00000168            smss.exe    245760      5304       640    167936    167936        17         3         0         0
000001F0           csrss.exe   3026944     99596      7136   2187264   2187264       781        13         0         0
00000208        winlogon.exe   1617920     52804      6800   6262784   6262784       458        18        11        35
00000234        services.exe   2306048     39764     17184   1839104   1839104       454        19         1         4
00000240           lsass.exe   5898240     53280     16416   9216000   9216000       590        35         3         7
000002F4         svchost.exe   2101248     21216     23688   1249280   1249280       275        10         1         4
00000328         svchost.exe   2256896     29552      4600   1388544   1388544       121        15         1         5
000003D8         svchost.exe   2592768     32224      5560   3424256   3424256       123         7         0         0
000003E8         svchost.exe   1077248     16172      2512    761856    761856        78         5         0         0
000003F8         svchost.exe  12333056    101460     60688  12939264  12939264      1128        53        17         5
00000598         spoolsv.exe   3162112     35708      5192   4534272   4534272       128        13         4         5
000005B0          netdde.exe    880640     20804      2904    770048    770048        61        10         7         7
000005DC           msdtc.exe   1974272     24584     12352   1847296   1847296       175        21         0         0
00000638          appmgr.exe   2224128     20832      3048   1024000   1024000       101         4         2         4
00000644           cisvc.exe    954368     40816      7728   7380992   7380992       314        15         2         5
00000668             dns.exe   2154496     36108     12208   6455296   6455296       135        11         2         5
00000680      elementmgr.exe   2154496     18744      2408   1597440   1597440        62         3         2         4
0000069C         svchost.exe    839680     16856      2112    544768    544768        52         2         1         4
000006D4        inetinfo.exe   8007680     65644     36720  10125312  10125312       506        25         5         5
000006F0         tcpsvcs.exe   4550656     44164     26552   6270976   6270976       250        18         2         5
00000710          sfmsvc.exe    724992     15272      2432    520192    520192        67         7         1         4
0000073C        sfmprint.exe   1155072     15468      2384    593920    593920        41         2         1         4
0000076C             mdm.exe   1486848     20932      2216    782336    782336        60         4         3         4
000007B8        sqlservr.exe  12656640     51596     43128  17088512  17088512       473        31         0         0
00000180         svchost.exe    487424     10112      1352    274432    274432        33         2         0         0
000001B4            snmp.exe   2084864     31656      6512   1716224   1716224       133         5         1         5
00000170        srvcsurg.exe   2056192     20828      3048   2002944   2002944        86         3         2         4
000003BC         svchost.exe   2097152     31200      7544   1728512   1728512       215        13         6         8
00000430         tlntsvr.exe   1474560     19016     33296    692224    692224        66         3         0         0
000004BC            wins.exe   2891776     27564     12800   5804032   5804032       182        18         2         4
00000268        WMServer.exe   6234112     46052     74120  12546048  12546048       398        15         0         0
000004F0          dfssvc.exe   1445888     28920      3472   1372160   1372160        71         9         1         5
00000574           mqsvc.exe   2564096     36732    132328   2928640   2928640       173        21         1         5
00000878        explorer.exe  17362944     58764      9064  11169792  11169792       355        12       293       349
000008B8        mssearch.exe    843776     29892      4312   4091904   4091904       149         6         2         5
00000900          RsServ.exe   4767744     37400     28552   6021120   6021120       232        13         2         5
00000940         svchost.exe   2859008     20600      5640   3526656   3526656       147        15         2         4
00000A44         mqtgsvc.exe   1335296     20168      3416   1323008   1323008       141         9         0         0
00000BB8           ntvdm.exe    950272     18084      6368   1232896   1232896        44         4         2         5
00000BCC             mmc.exe  13590528     92320     12024  13082624  13082624       216        10       398       610
00000BF8             cmd.exe   1003520     16672      1536   1564672   1564672        22         1         1         4
00000C48        sqlagent.exe   3469312     33448      5072   3149824   3149824       117         8         0         0
00000C64        wmiprvse.exe   5042176     40720      6704   2572288   2572288       208         6         0         0
00000C90         rsmsink.exe    991232     17332      2136    614400    614400        55         3         0         0
0000071C        dexplore.exe  13275136     66072      6592   6479872   6479872       230         2       122       207
00000114         HelpCtr.exe  18284544     58348      8744  11001856  11001856       306        11        84       155
000001A0           isqlw.exe   7938048     43104      5640   3309568   3309568       101         4        70       239
0000052C         HelpSvc.exe   9719808     39484      7024   8470528   8470528       184        11         3         5
00000840        HelpHost.exe   5984256     40084      4936   1757184   1757184       192         7         5         5
000008C4             cmd.exe    946176     16568      1536   1568768   1568768        22         1         1         4
00000998             cmd.exe   1486848     16544      1536   1540096   1540096        21         1         1         4
00000A1C        cidaemon.exe   1622016     37760      3936   1875968   1875968       123         4         4         5
00000AB0        cidaemon.exe    159744     31008      3064   1527808   1527808        91         3         1         5
00000DB8         notepad.exe   5464064     35152      3280   1994752   1994752        72         2        21        50
00000D8C         memsnap.exe   1138688     16148      1472    458752    458752        13         1         1         4

!LogType=memsnap
!ComputerName=HOLYSPIRIT
!buildnumber=3790
!buildtype=retail
!SystemTime=06\10\2004 22:10:37.0277 (GMT)
!TickCount=3704897
00000000              (null)     16384         0         0         0         0         0         1         0         0
00000004              System     94208         0         0         0     94208      2390        66         0         0
00000168            smss.exe    245760      5304       640    167936    167936        17         3         0         0
000001F0           csrss.exe   3026944     99596      7136   2187264   2187264       785        13         0         0
00000208        winlogon.exe   1617920     52804      6800   6262784   6262784       458        18        11        35
00000234        services.exe   2306048     39764     17184   1839104   1839104       454        19         1         4
00000240           lsass.exe   5902336     53008     16136   9216000   9216000       585        35         3         7
000002F4         svchost.exe   2101248     21216     23688   1249280   1249280       278        10         1         4
00000328         svchost.exe   2256896     29552      4600   1388544   1388544       121        15         1         5
000003D8         svchost.exe   2592768     32224      5560   3424256   3424256       122         7         0         0
000003E8         svchost.exe   1077248     16172      2512    761856    761856        78         5         0         0
000003F8         svchost.exe  12365824    101412     60728  12963840  12963840      1127        54        17         5
00000598         spoolsv.exe   3162112     35708      5192   4534272   4534272       128        13         4         5
000005B0          netdde.exe    880640     20804      2904    770048    770048        61        10         7         7
000005DC           msdtc.exe   1974272     24584     12352   1847296   1847296       175        21         0         0
00000638          appmgr.exe   2224128     20832      3048   1024000   1024000       101         4         2         4
00000644           cisvc.exe   2146304     40816      7728   7376896   7376896       314        15         2         5
00000668             dns.exe   2154496     36108     12208   6455296   6455296       135        11         2         5
00000680      elementmgr.exe   2154496     18744      2408   1597440   1597440        62         3         2         4
0000069C         svchost.exe    839680     16856      2112    544768    544768        52         2         1         4
000006D4        inetinfo.exe   8032256     65716     36960  10248192  10248192       506        28         5         5
000006F0         tcpsvcs.exe   4550656     44164     26552   6270976   6270976       250        18         2         5
00000710          sfmsvc.exe    724992     15272      2432    520192    520192        67         7         1         4
0000073C        sfmprint.exe   1155072     15468      2384    593920    593920        41         2         1         4
0000076C             mdm.exe   1486848     20932      2216    782336    782336        60         4         3         4
000007B8        sqlservr.exe  12656640     51596     43128  17088512  17088512       473        31         0         0
00000180         svchost.exe    487424     10112      1352    274432    274432        33         2         0         0
000001B4            snmp.exe   2084864     31656      6512   1716224   1716224       133         5         1         5
00000170        srvcsurg.exe   2056192     20828      3048   2002944   2002944        86         3         2         4
000003BC         svchost.exe   2097152     31200      7544   1728512   1728512       215        13         6         8
00000430         tlntsvr.exe   1474560     19016     33296    692224    692224        66         3         0         0
000004BC            wins.exe   2891776     27564     12800   5804032   5804032       182        18         2         4
00000268        WMServer.exe   6242304     46052     74120  12546048  12546048       398        15         0         0
000004F0          dfssvc.exe   1445888     28920      3472   1372160   1372160        71         9         1         5
00000574           mqsvc.exe   2564096     36732    132328   2928640   2928640       173        21         1         5
00000878        explorer.exe  17354752     58244      8984  11104256  11104256       349        11       292       349
000008B8        mssearch.exe    843776     29892      4312   4091904   4091904       149         6         2         5
00000900          RsServ.exe   4767744     37400     28552   6021120   6021120       232        13         2         5
00000940         svchost.exe   2859008     20600      5640   3526656   3526656       147        15         2         4
00000A44         mqtgsvc.exe   1335296     20168      3416   1323008   1323008       141         9         0         0
00000BB8           ntvdm.exe    950272     18084      6368   1232896   1232896        44         4         2         5
00000BCC             mmc.exe  13590528     92320     12024  13082624  13082624       216        10       398       610
00000BF8             cmd.exe   1003520     16672      1536   1564672   1564672        21         1         1         4
00000C48        sqlagent.exe   3469312     33448      5072   3149824   3149824       117         8         0         0
00000C64        wmiprvse.exe   4980736     40460      6456   2592768   2592768       207         7         0         0
00000C90         rsmsink.exe    991232     17332      2136    614400    614400        55         3         0         0
0000071C        dexplore.exe  13275136     66072      6592   6479872   6479872       230         2       122       207
00000114         HelpCtr.exe  18358272     58348      8784  11071488  11071488       309        11        84       157
000001A0           isqlw.exe   7938048     43104      5640   3309568   3309568       101         4        70       239
0000052C         HelpSvc.exe   9715712     39484      7024   8470528   8470528       184        11         3         5
00000840        HelpHost.exe   5984256     40012      4936   1757184   1757184       192         7         5         5
000008C4             cmd.exe    946176     16568      1536   1568768   1568768        23         1         1         4
00000998             cmd.exe   1486848     16544      1536   1540096   1540096        21         1         1         4
00000A1C        cidaemon.exe    299008     37656      3896   1835008   1835008       123         4         4         5
00000AB0        cidaemon.exe    176128     31008      3064   1527808   1527808        91         3         1         5
00000DB8         notepad.exe   5464064     35152      3280   1994752   1994752        72         2        21        50
00000B8C         memsnap.exe   1138688     16148      1472    458752    458752        13         1         1         4

!LogType=memsnap
!ComputerName=HOLYSPIRIT
!buildnumber=3790
!buildtype=retail
!SystemTime=06\10\2004 22:12:46.0743 (GMT)
!TickCount=3834363
00000000              (null)     16384         0         0         0         0         0         1         0         0
00000004              System     94208         0         0         0     94208      2390        66         0         0
00000168            smss.exe    245760      5304       640    167936    167936        17         3         0         0
000001F0           csrss.exe   3084288    100068      7176   2256896   2256896       794        13         0         0
00000208        winlogon.exe   1622016     52804      6800   6262784   6262784       458        18        11        35
00000234        services.exe   2306048     39764     17224   1839104   1839104       455        19         1         4
00000240           lsass.exe   5902336     52872     16056   9216000   9216000       584        35         3         7
000002F4         svchost.exe   2101248     21216     23688   1249280   1249280       278        10         1         4
00000328         svchost.exe   2256896     29552      4600   1388544   1388544       121        15         1         5
000003D8         svchost.exe   2592768     32224      5560   3424256   3424256       122         7         0         0
000003E8         svchost.exe   1077248     16172      2512    761856    761856        78         5         0         0
000003F8         svchost.exe  12345344    101436     60568  12914688  12914688      1124        52        17         5
00000598         spoolsv.exe   3162112     35708      5192   4534272   4534272       128        13         4         5
000005B0          netdde.exe    880640     20804      2904    770048    770048        61        10         7         7
000005DC           msdtc.exe   1974272     24584     12352   1847296   1847296       175        21         0         0
00000638          appmgr.exe   2224128     20832      3048   1024000   1024000       101         4         2         4
00000644           cisvc.exe    573440     40816      7728   7376896   7376896       314        15         2         5
00000668             dns.exe   2154496     36108     12208   6455296   6455296       135        11         2         5
00000680      elementmgr.exe   2154496     18744      2408   1597440   1597440        62         3         2         4
0000069C         svchost.exe    839680     16856      2112    544768    544768        52         2         1         4
000006D4        inetinfo.exe   8032256     65716     36960  10248192  10248192       504        28         5         5
000006F0         tcpsvcs.exe   4890624     44164     26552   6311936   6311936       252        18         2         5
00000710          sfmsvc.exe    724992     15272      2432    520192    520192        67         7         1         4
0000073C        sfmprint.exe   1155072     15468      2384    593920    593920        41         2         1         4
0000076C             mdm.exe   1486848     20932      2216    782336    782336        60         4         3         4
000007B8        sqlservr.exe  12656640     51596     43128  17088512  17088512       473        31         0         0
00000180         svchost.exe    487424     10112      1352    274432    274432        33         2         0         0
000001B4            snmp.exe   2084864     31656      6512   1716224   1716224       133         5         1         5
00000170        srvcsurg.exe   2056192     20828      3048   2002944   2002944        86         3         2         4
000003BC         svchost.exe   2097152     31200      7544   1728512   1728512       215        13         6         8
00000430         tlntsvr.exe   1474560     19016     33296    692224    692224        66         3         0         0
000004BC            wins.exe   2895872     27564     12800   5804032   5804032       182        18         2         4
00000268        WMServer.exe   6246400     46052     74120  12546048  12546048       398        15         0         0
000004F0          dfssvc.exe   1474560     28920      3472   1372160   1372160        71         9         1         5
00000574           mqsvc.exe   2564096     36732    132328   2928640   2928640       173        21         1         5
00000878        explorer.exe  17362944     58620      9064  11169792  11169792       350        12       293       349
000008B8        mssearch.exe    843776     29892      4312   4091904   4091904       149         6         2         5
00000900          RsServ.exe   4775936     37400     28552   6021120   6021120       232        13         2         5
00000940         svchost.exe   2859008     20600      5640   3526656   3526656       147        15         2         4
00000A44         mqtgsvc.exe   1335296     20168      3416   1323008   1323008       141         9         0         0
00000BB8           ntvdm.exe    950272     18084      6368   1232896   1232896        44         4         2         5
00000BCC             mmc.exe  13590528     92320     12024  13082624  13082624       216        10       398       610
00000BF8             cmd.exe   1003520     16672      1536   1564672   1564672        22         1         1         4
00000C48        sqlagent.exe   3469312     33448      5072   3149824   3149824       117         8         0         0
00000C64        wmiprvse.exe   4972544     40436      6376   2519040   2519040       204         6         0         0
00000C90         rsmsink.exe    991232     17332      2136    614400    614400        55         3         0         0
0000071C        dexplore.exe  13275136     66072      6592   6479872   6479872       230         2       122       207
00000114         HelpCtr.exe  18587648     58072      8648  11116544  11116544       317        10        83       155
000001A0           isqlw.exe   7938048     43104      5640   3309568   3309568       101         4        70       239
0000052C         HelpSvc.exe   9715712     39364      6928   8470528   8470528       182        11         3         5
00000840        HelpHost.exe   5984256     40012      4936   1757184   1757184       188         7         5         5
000008C4             cmd.exe    946176     16568      1536   1568768   1568768        22         1         1         4
00000998             cmd.exe   1486848     16544      1536   1540096   1540096        21         1         1         4
00000A1C        cidaemon.exe    303104     37608      3800   1835008   1835008       123         4         4         5
00000AB0        cidaemon.exe    176128     31008      3064   1527808   1527808        91         3         1         5
00000DB8         notepad.exe   5496832     35152      3280   1994752   1994752        72         2        21        50
00000C24  UtilityProcess.exe   5640192     42436      6608   3985408   3985408        88         3         1         5
00000B6C         memsnap.exe   1150976     16020      1472    458752    458752        13         1         1         4

!LogType=memsnap
!ComputerName=HOLYSPIRIT
!buildnumber=3790
!buildtype=retail
!SystemTime=06\10\2004 22:23:28.0596 (GMT)
!TickCount=4476216
00000000              (null)     16384         0         0         0         0         0         1         0         0
00000004              System     69632         0         0         0     94208      2393        66         0         0
00000168            smss.exe    204800      5304       640    167936    167936        17         3         0         0
000001F0           csrss.exe   2277376     99892      7096   2252800   2252800       826        13         0         0
00000208        winlogon.exe   1306624     52804      6800   6262784   6262784       458        18        11        35
00000234        services.exe   1781760     40036     17424   1839104   1839104       459        19         1         4
00000240           lsass.exe   4333568     52872     16056   9216000   9216000       590        35         3         7
000002F4         svchost.exe   1781760     21216     23688   1249280   1249280       296        10         1         4
00000328         svchost.exe   1540096     29576      4680   1413120   1413120       124        16         1         5
000003D8         svchost.exe   1720320     32552      6032   3477504   3477504       132         9         0         0
000003E8         svchost.exe    651264     16172      2512    761856    761856        78         5         0         0
000003F8         svchost.exe  10633216    102684     61264  13074432  13074432      1167        58        20         5
00000598         spoolsv.exe   2289664     35708      5192   4534272   4534272       128        13         4         5
000005B0          netdde.exe    745472     20804      2904    770048    770048        61        10         7         7
000005DC           msdtc.exe   1564672     24584     12352   1847296   1847296       175        21         0         0
00000638          appmgr.exe   1277952     20832      3048   1024000   1024000       101         4         2         4
00000644           cisvc.exe   2940928     40976      7888   7409664   7409664       319        16         2         5
00000668             dns.exe   1159168     36108     12208   6455296   6455296       135        11         2         5
00000680      elementmgr.exe   1138688     18744      2408   1597440   1597440        62         3         2         4
0000069C         svchost.exe    618496     16856      2112    544768    544768        52         2         1         4
000006D4        inetinfo.exe   6131712     65740     37040  10289152  10289152       506        29         5         5
000006F0         tcpsvcs.exe   3063808     44164     26552   6307840   6307840       252        18         2         5
00000710          sfmsvc.exe    507904     15272      2432    520192    520192        67         7         1         4
0000073C        sfmprint.exe    868352     15468      2384    593920    593920        41         2         1         4
0000076C             mdm.exe   1032192     20932      2216    782336    782336        60         4         3         4
000007B8        sqlservr.exe   9605120     51596     43128  17088512  17088512       473        31         0         0
00000180         svchost.exe    364544     10112      1352    274432    274432        33         2         0         0
000001B4            snmp.exe   1761280     31656      6512   1716224   1716224       133         5         1         5
00000170        srvcsurg.exe   1568768     20828      3048   2002944   2002944        86         3         2         4
000003BC         svchost.exe   1634304     31200      7544   1728512   1728512       215        13         6         8
00000430         tlntsvr.exe    991232     19016     33296    692224    692224        66         3         0         0
000004BC            wins.exe   2211840     27564     12800   5804032   5804032       182        18         2         4
00000268        WMServer.exe   4280320     46052     74120  12546048  12546048       398        15         0         0
000004F0          dfssvc.exe    987136     28920      3472   1372160   1372160        71         9         1         5
00000574           mqsvc.exe   1527808     36732    132328   2928640   2928640       173        21         1         5
00000878        explorer.exe  19197952     80064     12368  14204928  14204928       515        17       571       568
000008B8        mssearch.exe    704512     29892      4312   4091904   4091904       149         6         2         5
00000900          RsServ.exe   3002368     37400     28552   6021120   6021120       232        13         2         5
00000940         svchost.exe   1916928     20600      5640   3526656   3526656       147        15         2         4
00000A44         mqtgsvc.exe    950272     20168      3416   1323008   1323008       141         9         0         0
00000BB8           ntvdm.exe     57344     18084      6368   1232896   1232896        44         4         2         5
00000BCC             mmc.exe  10342400     92320     12024  13082624  13082624       216        10       398       610
00000BF8             cmd.exe    827392     16672      1536   1564672   1564672        21         1         1         4
00000C48        sqlagent.exe   2764800     33448      5072   3149824   3149824       117         8         0         0
00000C64        wmiprvse.exe   3792896     40900      6936   2629632   2629632       205         6         0         0
00000C90         rsmsink.exe    745472     17332      2136    614400    614400        55         3         0         0
0000071C        dexplore.exe   9445376     66072      6592   6479872   6479872       230         2       122       207
00000114         HelpCtr.exe  11874304     58072      9328  12173312  12173312       318        10        83       154
000001A0           isqlw.exe   6152192     43104      5640   3309568   3309568       101         4        70       239
0000052C         HelpSvc.exe   6320128     39364      6968   8433664   8433664       190        11         3         5
00000840        HelpHost.exe   4112384     39964      4840   1757184   1757184       188         7         5         5
000008C4             cmd.exe    716800     16568      1536   1568768   1568768        22         1         1         4
00000998             cmd.exe    987136     16544      1536   1540096   1540096        21         1         1         4
00000A1C        cidaemon.exe    315392     37608      3800   1851392   1851392       123         4         4         5
00000AB0        cidaemon.exe    167936     30960      2968   1527808   1527808        91         3         1         5
00000DB8         notepad.exe   5169152     35152      3280   1994752   1994752        72         2        21        50
00000C1C         HelpCtr.exe   9416704     52816      6368   5369856   5369856       239         8        71        87
00000F14        wmiprvse.exe   5693440     29208      4544   2576384   2576384       163         8         0         0
00000FD8         memsnap.exe   1146880     16020      1472    458752    458752        13         1         1         4
